<?xml version="1.0" encoding="UTF-8"?>
<testsuite name="HangmanTest" tests="5" skipped="0" failures="0" errors="0" timestamp="2017-04-25T13:26:26" hostname="alex-Lenovo-ideapad-110-15IBR" time="0.047">
  <properties/>
  <testcase name="choosingACharacterInTheAnswerReturnsTrue" classname="HangmanTest" time="0.003"/>
  <testcase name="ifAStringIsEnteredOnlyTheFirstCharacterMatters" classname="HangmanTest" time="0.001"/>
  <testcase name="makingAGuessThatIsAlreadyBeenMadeIsNotAllowed" classname="HangmanTest" time="0.038"/>
  <testcase name="enteringAllCharactersInTheAnswerAtLeastOnceResultsInWinningTheGame" classname="HangmanTest" time="0.001"/>
  <testcase name="givingAnEmptyGuessIsNotAllowed" classname="HangmanTest" time="0.001"/>
  <system-out><![CDATA[]]></system-out>
  <system-err><![CDATA[]]></system-err>
</testsuite>
